{"/Users/henry/Desktop/Projects/Web/genspecs/src/app/layout.tsx": {"path":"/Users/henry/Desktop/Projects/Web/genspecs/src/app/layout.tsx","statementMap":{"0":{"start":{"line":24,"column":24},"end":{"line":24,"column":35}},"1":{"start":{"line":19,"column":13},"end":{"line":19,"column":21}},"2":{"start":{"line":2,"column":22},"end":{"line":2,"column":null}},"3":{"start":{"line":3,"column":7},"end":{"line":3,"column":null}},"4":{"start":{"line":4,"column":31},"end":{"line":4,"column":null}},"5":{"start":{"line":5,"column":35},"end":{"line":5,"column":null}},"6":{"start":{"line":6,"column":24},"end":{"line":6,"column":null}},"7":{"start":{"line":8,"column":18},"end":{"line":12,"column":null}},"8":{"start":{"line":13,"column":18},"end":{"line":17,"column":null}},"9":{"start":{"line":19,"column":34},"end":{"line":22,"column":null}}},"fnMap":{"0":{"name":"RootLayout","decl":{"start":{"line":24,"column":24},"end":{"line":24,"column":35}},"loc":{"start":{"line":28,"column":2},"end":{"line":41,"column":1}}}},"branchMap":{},"s":{"0":0,"1":0,"2":0,"3":0,"4":0,"5":0,"6":0,"7":0,"8":0,"9":0},"f":{"0":0},"b":{}}
,"/Users/henry/Desktop/Projects/Web/genspecs/src/app/page.tsx": {"path":"/Users/henry/Desktop/Projects/Web/genspecs/src/app/page.tsx","statementMap":{"0":{"start":{"line":28,"column":24},"end":{"line":28,"column":null}},"1":{"start":{"line":15,"column":25},"end":{"line":15,"column":null}},"2":{"start":{"line":17,"column":32},"end":{"line":17,"column":null}},"3":{"start":{"line":18,"column":28},"end":{"line":18,"column":null}},"4":{"start":{"line":19,"column":28},"end":{"line":19,"column":null}},"5":{"start":{"line":20,"column":30},"end":{"line":20,"column":null}},"6":{"start":{"line":29,"column":40},"end":{"line":29,"column":null}},"7":{"start":{"line":30,"column":40},"end":{"line":30,"column":null}}},"fnMap":{"0":{"name":"Home","decl":{"start":{"line":28,"column":24},"end":{"line":28,"column":null}},"loc":{"start":{"line":28,"column":24},"end":{"line":48,"column":null}}}},"branchMap":{"0":{"loc":{"start":{"line":40,"column":12},"end":{"line":40,"column":null}},"type":"cond-expr","locations":[{"start":{"line":40,"column":12},"end":{"line":40,"column":null}}]}},"s":{"0":0,"1":0,"2":0,"3":0,"4":0,"5":0,"6":0,"7":0},"f":{"0":0},"b":{"0":[0]}}
,"/Users/henry/Desktop/Projects/Web/genspecs/src/components/ApiKeyModal.tsx": {"path":"/Users/henry/Desktop/Projects/Web/genspecs/src/components/ApiKeyModal.tsx","statementMap":{"0":{"start":{"line":45,"column":16},"end":{"line":45,"column":null}},"1":{"start":{"line":13,"column":43},"end":{"line":13,"column":null}},"2":{"start":{"line":14,"column":28},"end":{"line":14,"column":null}},"3":{"start":{"line":15,"column":24},"end":{"line":15,"column":null}},"4":{"start":{"line":16,"column":19},"end":{"line":16,"column":null}},"5":{"start":{"line":17,"column":23},"end":{"line":17,"column":null}},"6":{"start":{"line":24,"column":7},"end":{"line":24,"column":null}},"7":{"start":{"line":33,"column":7},"end":{"line":33,"column":null}},"8":{"start":{"line":34,"column":22},"end":{"line":34,"column":null}},"9":{"start":{"line":35,"column":26},"end":{"line":35,"column":null}},"10":{"start":{"line":36,"column":32},"end":{"line":36,"column":null}},"11":{"start":{"line":37,"column":25},"end":{"line":37,"column":null}},"12":{"start":{"line":39,"column":19},"end":{"line":43,"column":null}},"13":{"start":{"line":46,"column":54},"end":{"line":46,"column":null}},"14":{"start":{"line":47,"column":36},"end":{"line":47,"column":null}},"15":{"start":{"line":48,"column":30},"end":{"line":48,"column":null}},"16":{"start":{"line":49,"column":20},"end":{"line":49,"column":null}},"17":{"start":{"line":51,"column":15},"end":{"line":56,"column":null}},"18":{"start":{"line":59,"column":2},"end":{"line":63,"column":null}},"19":{"start":{"line":60,"column":4},"end":{"line":62,"column":null}},"20":{"start":{"line":61,"column":6},"end":{"line":61,"column":null}},"21":{"start":{"line":66,"column":4},"end":{"line":66,"column":null}},"22":{"start":{"line":66,"column":19},"end":{"line":66,"column":null}},"23":{"start":{"line":68,"column":4},"end":{"line":100,"column":null}},"24":{"start":{"line":69,"column":6},"end":{"line":69,"column":null}},"25":{"start":{"line":70,"column":21},"end":{"line":70,"column":null}},"26":{"start":{"line":72,"column":6},"end":{"line":78,"column":null}},"27":{"start":{"line":73,"column":8},"end":{"line":76,"column":null}},"28":{"start":{"line":77,"column":8},"end":{"line":77,"column":null}},"29":{"start":{"line":81,"column":6},"end":{"line":81,"column":null}},"30":{"start":{"line":82,"column":6},"end":{"line":82,"column":null}},"31":{"start":{"line":85,"column":6},"end":{"line":91,"column":null}},"32":{"start":{"line":86,"column":8},"end":{"line":90,"column":null}},"33":{"start":{"line":93,"column":6},"end":{"line":93,"column":null}},"34":{"start":{"line":94,"column":6},"end":{"line":97,"column":null}},"35":{"start":{"line":99,"column":6},"end":{"line":99,"column":null}},"36":{"start":{"line":109,"column":25},"end":{"line":109,"column":null}}},"fnMap":{"0":{"name":"ApiKeyModal","decl":{"start":{"line":45,"column":16},"end":{"line":45,"column":null}},"loc":{"start":{"line":45,"column":16},"end":{"line":166,"column":null}}},"1":{"name":"(anonymous_5)","decl":{"start":{"line":59,"column":12},"end":{"line":59,"column":null}},"loc":{"start":{"line":59,"column":12},"end":{"line":63,"column":5}}},"2":{"name":"onSubmit","decl":{"start":{"line":65,"column":17},"end":{"line":65,"column":26}},"loc":{"start":{"line":65,"column":60},"end":{"line":101,"column":null}}},"3":{"name":"(anonymous_7)","decl":{"start":{"line":85,"column":17},"end":{"line":85,"column":null}},"loc":{"start":{"line":85,"column":17},"end":{"line":91,"column":9}}},"4":{"name":"(anonymous_8)","decl":{"start":{"line":109,"column":19},"end":{"line":109,"column":25}},"loc":{"start":{"line":109,"column":25},"end":{"line":109,"column":null}}}},"branchMap":{"0":{"loc":{"start":{"line":54,"column":14},"end":{"line":54,"column":null}},"type":"binary-expr","locations":[{"start":{"line":54,"column":14},"end":{"line":54,"column":24}},{"start":{"line":54,"column":24},"end":{"line":54,"column":null}}]},"1":{"loc":{"start":{"line":60,"column":4},"end":{"line":62,"column":null}},"type":"if","locations":[{"start":{"line":60,"column":4},"end":{"line":62,"column":null}}]},"2":{"loc":{"start":{"line":66,"column":4},"end":{"line":66,"column":null}},"type":"if","locations":[{"start":{"line":66,"column":4},"end":{"line":66,"column":null}}]},"3":{"loc":{"start":{"line":72,"column":6},"end":{"line":78,"column":null}},"type":"if","locations":[{"start":{"line":72,"column":6},"end":{"line":78,"column":null}}]},"4":{"loc":{"start":{"line":75,"column":19},"end":{"line":75,"column":null}},"type":"binary-expr","locations":[{"start":{"line":75,"column":19},"end":{"line":75,"column":31}},{"start":{"line":75,"column":35},"end":{"line":75,"column":null}}]},"5":{"loc":{"start":{"line":107,"column":19},"end":{"line":107,"column":null}},"type":"cond-expr","locations":[{"start":{"line":107,"column":29},"end":{"line":107,"column":41}},{"start":{"line":107,"column":41},"end":{"line":107,"column":null}}]},"6":{"loc":{"start":{"line":109,"column":25},"end":{"line":109,"column":null}},"type":"binary-expr","locations":[{"start":{"line":109,"column":25},"end":{"line":109,"column":36}},{"start":{"line":109,"column":36},"end":{"line":109,"column":null}}]},"7":{"loc":{"start":{"line":111,"column":11},"end":{"line":111,"column":null}},"type":"cond-expr","locations":[{"start":{"line":111,"column":21},"end":{"line":111,"column":39}},{"start":{"line":111,"column":39},"end":{"line":111,"column":null}}]},"8":{"loc":{"start":{"line":159,"column":15},"end":{"line":159,"column":null}},"type":"cond-expr","locations":[{"start":{"line":159,"column":27},"end":{"line":159,"column":49}},{"start":{"line":159,"column":49},"end":{"line":159,"column":null}}]}},"s":{"0":0,"1":0,"2":0,"3":0,"4":0,"5":0,"6":0,"7":0,"8":0,"9":0,"10":0,"11":0,"12":0,"13":0,"14":0,"15":0,"16":0,"17":0,"18":0,"19":0,"20":0,"21":0,"22":0,"23":0,"24":0,"25":0,"26":0,"27":0,"28":0,"29":0,"30":0,"31":0,"32":0,"33":0,"34":0,"35":0,"36":0},"f":{"0":0,"1":0,"2":0,"3":0,"4":0},"b":{"0":[0,0],"1":[0],"2":[0],"3":[0],"4":[0,0],"5":[0,0],"6":[0,0],"7":[0,0],"8":[0,0]}}
,"/Users/henry/Desktop/Projects/Web/genspecs/src/components/ContactForm.tsx": {"path":"/Users/henry/Desktop/Projects/Web/genspecs/src/components/ContactForm.tsx","statementMap":{"0":{"start":{"line":46,"column":16},"end":{"line":46,"column":null}},"1":{"start":{"line":16,"column":18},"end":{"line":16,"column":null}},"2":{"start":{"line":17,"column":28},"end":{"line":17,"column":null}},"3":{"start":{"line":18,"column":24},"end":{"line":18,"column":null}},"4":{"start":{"line":19,"column":19},"end":{"line":19,"column":null}},"5":{"start":{"line":20,"column":23},"end":{"line":20,"column":null}},"6":{"start":{"line":28,"column":7},"end":{"line":28,"column":null}},"7":{"start":{"line":29,"column":22},"end":{"line":29,"column":null}},"8":{"start":{"line":30,"column":25},"end":{"line":30,"column":null}},"9":{"start":{"line":31,"column":30},"end":{"line":31,"column":null}},"10":{"start":{"line":32,"column":32},"end":{"line":32,"column":null}},"11":{"start":{"line":34,"column":19},"end":{"line":44,"column":null}},"12":{"start":{"line":47,"column":51},"end":{"line":47,"column":null}},"13":{"start":{"line":48,"column":42},"end":{"line":48,"column":null}},"14":{"start":{"line":50,"column":15},"end":{"line":57,"column":null}},"15":{"start":{"line":60,"column":4},"end":{"line":94,"column":null}},"16":{"start":{"line":61,"column":6},"end":{"line":61,"column":null}},"17":{"start":{"line":64,"column":29},"end":{"line":64,"column":null}},"18":{"start":{"line":65,"column":29},"end":{"line":65,"column":null}},"19":{"start":{"line":66,"column":24},"end":{"line":68,"column":12}},"20":{"start":{"line":67,"column":56},"end":{"line":67,"column":null}},"21":{"start":{"line":71,"column":26},"end":{"line":74,"column":null}},"22":{"start":{"line":73,"column":24},"end":{"line":73,"column":null}},"23":{"start":{"line":74,"column":27},"end":{"line":74,"column":null}},"24":{"start":{"line":77,"column":6},"end":{"line":82,"column":null}},"25":{"start":{"line":85,"column":6},"end":{"line":85,"column":null}},"26":{"start":{"line":87,"column":6},"end":{"line":87,"column":null}},"27":{"start":{"line":88,"column":6},"end":{"line":91,"column":null}},"28":{"start":{"line":93,"column":6},"end":{"line":93,"column":null}}},"fnMap":{"0":{"name":"ContactForm","decl":{"start":{"line":46,"column":16},"end":{"line":46,"column":null}},"loc":{"start":{"line":46,"column":16},"end":{"line":167,"column":null}}},"1":{"name":"onSubmit","decl":{"start":{"line":59,"column":17},"end":{"line":59,"column":26}},"loc":{"start":{"line":59,"column":60},"end":{"line":95,"column":null}}},"2":{"name":"(anonymous_7)","decl":{"start":{"line":67,"column":46},"end":{"line":67,"column":47}},"loc":{"start":{"line":67,"column":56},"end":{"line":67,"column":null}}},"3":{"name":"(anonymous_8)","decl":{"start":{"line":73,"column":13},"end":{"line":73,"column":14}},"loc":{"start":{"line":73,"column":24},"end":{"line":73,"column":null}}},"4":{"name":"(anonymous_9)","decl":{"start":{"line":74,"column":16},"end":{"line":74,"column":17}},"loc":{"start":{"line":74,"column":27},"end":{"line":74,"column":null}}}},"branchMap":{"0":{"loc":{"start":{"line":66,"column":24},"end":{"line":68,"column":12}},"type":"cond-expr","locations":[{"start":{"line":67,"column":10},"end":{"line":67,"column":null}},{"start":{"line":68,"column":10},"end":{"line":68,"column":12}}]},"1":{"loc":{"start":{"line":162,"column":11},"end":{"line":162,"column":null}},"type":"cond-expr","locations":[{"start":{"line":162,"column":26},"end":{"line":162,"column":48}},{"start":{"line":162,"column":48},"end":{"line":162,"column":null}}]}},"s":{"0":0,"1":0,"2":0,"3":0,"4":0,"5":0,"6":0,"7":0,"8":0,"9":0,"10":0,"11":0,"12":0,"13":0,"14":0,"15":0,"16":0,"17":0,"18":0,"19":0,"20":0,"21":0,"22":0,"23":0,"24":0,"25":0,"26":0,"27":0,"28":0},"f":{"0":0,"1":0,"2":0,"3":0,"4":0},"b":{"0":[0,0],"1":[0,0]}}
,"/Users/henry/Desktop/Projects/Web/genspecs/src/components/layout/TwoColumnLayout.tsx": {"path":"/Users/henry/Desktop/Projects/Web/genspecs/src/components/layout/TwoColumnLayout.tsx","statementMap":{"0":{"start":{"line":34,"column":16},"end":{"line":34,"column":32}},"1":{"start":{"line":23,"column":7},"end":{"line":23,"column":null}}},"fnMap":{"0":{"name":"TwoColumnLayout","decl":{"start":{"line":34,"column":16},"end":{"line":34,"column":32}},"loc":{"start":{"line":38,"column":23},"end":{"line":75,"column":null}}}},"branchMap":{"0":{"loc":{"start":{"line":61,"column":13},"end":{"line":61,"column":null}},"type":"binary-expr","locations":[{"start":{"line":61,"column":13},"end":{"line":61,"column":null}}]},"1":{"loc":{"start":{"line":69,"column":13},"end":{"line":69,"column":null}},"type":"binary-expr","locations":[{"start":{"line":69,"column":13},"end":{"line":69,"column":29}},{"start":{"line":69,"column":29},"end":{"line":69,"column":null}}]}},"s":{"0":0,"1":0},"f":{"0":0},"b":{"0":[0],"1":[0,0]}}
,"/Users/henry/Desktop/Projects/Web/genspecs/src/components/stepper/StepIcon.tsx": {"path":"/Users/henry/Desktop/Projects/Web/genspecs/src/components/stepper/StepIcon.tsx","statementMap":{"0":{"start":{"line":12,"column":16},"end":{"line":12,"column":25}},"1":{"start":{"line":1,"column":49},"end":{"line":1,"column":null}},"2":{"start":{"line":2,"column":19},"end":{"line":2,"column":null}},"3":{"start":{"line":3,"column":32},"end":{"line":3,"column":null}},"4":{"start":{"line":35,"column":21},"end":{"line":87,"column":1}},"5":{"start":{"line":90,"column":0},"end":{"line":94,"column":null}},"6":{"start":{"line":91,"column":16},"end":{"line":91,"column":null}},"7":{"start":{"line":92,"column":2},"end":{"line":92,"column":null}},"8":{"start":{"line":93,"column":2},"end":{"line":93,"column":null}}},"fnMap":{"0":{"name":"StepIcon","decl":{"start":{"line":12,"column":16},"end":{"line":12,"column":25}},"loc":{"start":{"line":12,"column":60},"end":{"line":32,"column":null}}}},"branchMap":{"0":{"loc":{"start":{"line":15,"column":7},"end":{"line":15,"column":27}},"type":"binary-expr","locations":[{"start":{"line":15,"column":7},"end":{"line":15,"column":27}}]},"1":{"loc":{"start":{"line":17,"column":7},"end":{"line":17,"column":null}},"type":"binary-expr","locations":[{"start":{"line":17,"column":7},"end":{"line":17,"column":null}}]},"2":{"loc":{"start":{"line":27,"column":7},"end":{"line":27,"column":27}},"type":"binary-expr","locations":[{"start":{"line":27,"column":7},"end":{"line":27,"column":27}}]},"3":{"loc":{"start":{"line":29,"column":7},"end":{"line":29,"column":28}},"type":"binary-expr","locations":[{"start":{"line":29,"column":7},"end":{"line":29,"column":28}}]},"4":{"loc":{"start":{"line":90,"column":0},"end":{"line":94,"column":null}},"type":"if","locations":[{"start":{"line":90,"column":0},"end":{"line":94,"column":null}}]}},"s":{"0":0,"1":0,"2":0,"3":0,"4":0,"5":0,"6":0,"7":0,"8":0},"f":{"0":0},"b":{"0":[0],"1":[0],"2":[0],"3":[0],"4":[0]}}
,"/Users/henry/Desktop/Projects/Web/genspecs/src/components/stepper/VerticalStepper.tsx": {"path":"/Users/henry/Desktop/Projects/Web/genspecs/src/components/stepper/VerticalStepper.tsx","statementMap":{"0":{"start":{"line":54,"column":16},"end":{"line":54,"column":32}},"1":{"start":{"line":16,"column":23},"end":{"line":16,"column":null}},"2":{"start":{"line":17,"column":23},"end":{"line":17,"column":null}},"3":{"start":{"line":18,"column":26},"end":{"line":18,"column":null}},"4":{"start":{"line":19,"column":30},"end":{"line":19,"column":null}},"5":{"start":{"line":20,"column":40},"end":{"line":20,"column":null}},"6":{"start":{"line":21,"column":30},"end":{"line":21,"column":null}},"7":{"start":{"line":36,"column":22},"end":{"line":47,"column":null}},"8":{"start":{"line":50,"column":37},"end":{"line":51,"column":null}},"9":{"start":{"line":51,"column":35},"end":{"line":51,"column":null}},"10":{"start":{"line":55,"column":18},"end":{"line":55,"column":null}},"11":{"start":{"line":56,"column":23},"end":{"line":56,"column":null}},"12":{"start":{"line":57,"column":56},"end":{"line":57,"column":null}},"13":{"start":{"line":60,"column":23},"end":{"line":76,"column":null}},"14":{"start":{"line":61,"column":20},"end":{"line":61,"column":null}},"15":{"start":{"line":62,"column":16},"end":{"line":62,"column":34}},"16":{"start":{"line":64,"column":4},"end":{"line":64,"column":null}},"17":{"start":{"line":64,"column":14},"end":{"line":64,"column":null}},"18":{"start":{"line":66,"column":4},"end":{"line":75,"column":null}},"19":{"start":{"line":68,"column":8},"end":{"line":68,"column":null}},"20":{"start":{"line":70,"column":8},"end":{"line":70,"column":null}},"21":{"start":{"line":72,"column":8},"end":{"line":72,"column":null}},"22":{"start":{"line":74,"column":8},"end":{"line":74,"column":null}},"23":{"start":{"line":79,"column":27},"end":{"line":96,"column":null}},"24":{"start":{"line":80,"column":23},"end":{"line":80,"column":68}},"25":{"start":{"line":81,"column":22},"end":{"line":81,"column":55}},"26":{"start":{"line":84,"column":4},"end":{"line":88,"column":null}},"27":{"start":{"line":85,"column":6},"end":{"line":87,"column":null}},"28":{"start":{"line":91,"column":4},"end":{"line":93,"column":null}},"29":{"start":{"line":92,"column":6},"end":{"line":92,"column":null}},"30":{"start":{"line":95,"column":4},"end":{"line":95,"column":null}},"31":{"start":{"line":99,"column":21},"end":{"line":106,"column":null}},"32":{"start":{"line":100,"column":4},"end":{"line":105,"column":null}},"33":{"start":{"line":101,"column":25},"end":{"line":101,"column":57}},"34":{"start":{"line":102,"column":6},"end":{"line":102,"column":null}},"35":{"start":{"line":104,"column":6},"end":{"line":104,"column":null}},"36":{"start":{"line":108,"column":21},"end":{"line":113,"column":null}},"37":{"start":{"line":109,"column":4},"end":{"line":112,"column":null}},"38":{"start":{"line":110,"column":25},"end":{"line":110,"column":57}},"39":{"start":{"line":111,"column":6},"end":{"line":111,"column":null}},"40":{"start":{"line":116,"column":22},"end":{"line":125,"column":null}},"41":{"start":{"line":118,"column":4},"end":{"line":120,"column":null}},"42":{"start":{"line":119,"column":6},"end":{"line":119,"column":null}},"43":{"start":{"line":123,"column":4},"end":{"line":123,"column":null}},"44":{"start":{"line":124,"column":4},"end":{"line":124,"column":null}},"45":{"start":{"line":128,"column":2},"end":{"line":138,"column":null}},"46":{"start":{"line":129,"column":24},"end":{"line":129,"column":43}},"47":{"start":{"line":130,"column":4},"end":{"line":130,"column":null}},"48":{"start":{"line":131,"column":4},"end":{"line":131,"column":null}},"49":{"start":{"line":134,"column":23},"end":{"line":134,"column":64}},"50":{"start":{"line":135,"column":4},"end":{"line":137,"column":null}},"51":{"start":{"line":136,"column":6},"end":{"line":136,"column":null}},"52":{"start":{"line":153,"column":12},"end":{"line":153,"column":null}},"53":{"start":{"line":166,"column":33},"end":{"line":166,"column":null}}},"fnMap":{"0":{"name":"(anonymous_4)","decl":{"start":{"line":51,"column":15},"end":{"line":51,"column":16}},"loc":{"start":{"line":51,"column":35},"end":{"line":51,"column":null}}},"1":{"name":"VerticalStepper","decl":{"start":{"line":54,"column":16},"end":{"line":54,"column":32}},"loc":{"start":{"line":54,"column":66},"end":{"line":211,"column":null}}},"2":{"name":"(anonymous_6)","decl":{"start":{"line":60,"column":23},"end":{"line":60,"column":24}},"loc":{"start":{"line":60,"column":24},"end":{"line":76,"column":null}}},"3":{"name":"(anonymous_7)","decl":{"start":{"line":79,"column":27},"end":{"line":79,"column":28}},"loc":{"start":{"line":79,"column":28},"end":{"line":96,"column":null}}},"4":{"name":"(anonymous_8)","decl":{"start":{"line":99,"column":21},"end":{"line":99,"column":null}},"loc":{"start":{"line":99,"column":21},"end":{"line":106,"column":null}}},"5":{"name":"(anonymous_9)","decl":{"start":{"line":108,"column":21},"end":{"line":108,"column":null}},"loc":{"start":{"line":108,"column":21},"end":{"line":113,"column":null}}},"6":{"name":"(anonymous_10)","decl":{"start":{"line":116,"column":22},"end":{"line":116,"column":null}},"loc":{"start":{"line":116,"column":22},"end":{"line":125,"column":null}}},"7":{"name":"(anonymous_11)","decl":{"start":{"line":118,"column":18},"end":{"line":118,"column":19}},"loc":{"start":{"line":118,"column":19},"end":{"line":120,"column":null}}},"8":{"name":"(anonymous_12)","decl":{"start":{"line":128,"column":18},"end":{"line":128,"column":null}},"loc":{"start":{"line":128,"column":18},"end":{"line":138,"column":5}}},"9":{"name":"(anonymous_13)","decl":{"start":{"line":152,"column":27},"end":{"line":152,"column":28}},"loc":{"start":{"line":153,"column":12},"end":{"line":153,"column":null}}},"10":{"name":"(anonymous_14)","decl":{"start":{"line":166,"column":27},"end":{"line":166,"column":33}},"loc":{"start":{"line":166,"column":33},"end":{"line":166,"column":null}}}},"branchMap":{"0":{"loc":{"start":{"line":64,"column":4},"end":{"line":64,"column":null}},"type":"if","locations":[{"start":{"line":64,"column":4},"end":{"line":64,"column":null}}]},"1":{"loc":{"start":{"line":66,"column":4},"end":{"line":75,"column":null}},"type":"switch","locations":[{"start":{"line":67,"column":6},"end":{"line":68,"column":null}},{"start":{"line":69,"column":6},"end":{"line":70,"column":null}},{"start":{"line":71,"column":6},"end":{"line":72,"column":null}},{"start":{"line":73,"column":6},"end":{"line":74,"column":null}}]},"2":{"loc":{"start":{"line":84,"column":4},"end":{"line":88,"column":null}},"type":"if","locations":[{"start":{"line":84,"column":4},"end":{"line":88,"column":null}}]},"3":{"loc":{"start":{"line":84,"column":8},"end":{"line":84,"column":61}},"type":"binary-expr","locations":[{"start":{"line":84,"column":8},"end":{"line":84,"column":22}},{"start":{"line":84,"column":22},"end":{"line":84,"column":61}}]},"4":{"loc":{"start":{"line":91,"column":4},"end":{"line":93,"column":null}},"type":"if","locations":[{"start":{"line":91,"column":4},"end":{"line":93,"column":null}}]},"5":{"loc":{"start":{"line":91,"column":8},"end":{"line":91,"column":50}},"type":"binary-expr","locations":[{"start":{"line":91,"column":8},"end":{"line":91,"column":21}},{"start":{"line":91,"column":21},"end":{"line":91,"column":50}}]},"6":{"loc":{"start":{"line":100,"column":4},"end":{"line":105,"column":null}},"type":"if","locations":[{"start":{"line":100,"column":4},"end":{"line":105,"column":null}},{"start":{"line":103,"column":11},"end":{"line":105,"column":null}}]},"7":{"loc":{"start":{"line":109,"column":4},"end":{"line":112,"column":null}},"type":"if","locations":[{"start":{"line":109,"column":4},"end":{"line":112,"column":null}}]},"8":{"loc":{"start":{"line":135,"column":4},"end":{"line":137,"column":null}},"type":"if","locations":[{"start":{"line":135,"column":4},"end":{"line":137,"column":null}}]},"9":{"loc":{"start":{"line":135,"column":8},"end":{"line":135,"column":52}},"type":"binary-expr","locations":[{"start":{"line":135,"column":8},"end":{"line":135,"column":22}},{"start":{"line":135,"column":22},"end":{"line":135,"column":52}}]},"10":{"loc":{"start":{"line":160,"column":20},"end":{"line":160,"column":null}},"type":"cond-expr","locations":[{"start":{"line":160,"column":53},"end":{"line":160,"column":62}},{"start":{"line":160,"column":62},"end":{"line":160,"column":null}}]},"11":{"loc":{"start":{"line":174,"column":15},"end":{"line":174,"column":null}},"type":"binary-expr","locations":[{"start":{"line":174,"column":15},"end":{"line":174,"column":null}}]},"12":{"loc":{"start":{"line":180,"column":24},"end":{"line":180,"column":null}},"type":"cond-expr","locations":[{"start":{"line":180,"column":47},"end":{"line":180,"column":62}},{"start":{"line":180,"column":62},"end":{"line":180,"column":null}}]},"13":{"loc":{"start":{"line":203,"column":21},"end":{"line":203,"column":null}},"type":"cond-expr","locations":[{"start":{"line":203,"column":38},"end":{"line":203,"column":52}},{"start":{"line":203,"column":52},"end":{"line":203,"column":null}}]},"14":{"loc":{"start":{"line":205,"column":13},"end":{"line":205,"column":null}},"type":"cond-expr","locations":[{"start":{"line":205,"column":30},"end":{"line":205,"column":40}},{"start":{"line":205,"column":40},"end":{"line":205,"column":null}}]}},"s":{"0":0,"1":0,"2":0,"3":0,"4":0,"5":0,"6":0,"7":0,"8":0,"9":0,"10":0,"11":0,"12":0,"13":0,"14":0,"15":0,"16":0,"17":0,"18":0,"19":0,"20":0,"21":0,"22":0,"23":0,"24":0,"25":0,"26":0,"27":0,"28":0,"29":0,"30":0,"31":0,"32":0,"33":0,"34":0,"35":0,"36":0,"37":0,"38":0,"39":0,"40":0,"41":0,"42":0,"43":0,"44":0,"45":0,"46":0,"47":0,"48":0,"49":0,"50":0,"51":0,"52":0,"53":0},"f":{"0":0,"1":0,"2":0,"3":0,"4":0,"5":0,"6":0,"7":0,"8":0,"9":0,"10":0},"b":{"0":[0],"1":[0,0,0,0],"2":[0],"3":[0,0],"4":[0],"5":[0,0],"6":[0,0],"7":[0],"8":[0],"9":[0,0],"10":[0,0],"11":[0],"12":[0,0],"13":[0,0],"14":[0,0]}}
,"/Users/henry/Desktop/Projects/Web/genspecs/src/components/ui/EightBitSpinner.tsx": {"path":"/Users/henry/Desktop/Projects/Web/genspecs/src/components/ui/EightBitSpinner.tsx","statementMap":{"0":{"start":{"line":10,"column":16},"end":{"line":10,"column":32}},"1":{"start":{"line":1,"column":19},"end":{"line":1,"column":null}},"2":{"start":{"line":2,"column":26},"end":{"line":2,"column":null}},"3":{"start":{"line":15,"column":2},"end":{"line":358,"column":null}},"4":{"start":{"line":16,"column":20},"end":{"line":16,"column":null}},"5":{"start":{"line":17,"column":4},"end":{"line":357,"column":null}},"6":{"start":{"line":18,"column":20},"end":{"line":18,"column":null}},"7":{"start":{"line":19,"column":6},"end":{"line":19,"column":null}},"8":{"start":{"line":20,"column":6},"end":{"line":355,"column":null}},"9":{"start":{"line":356,"column":6},"end":{"line":356,"column":null}}},"fnMap":{"0":{"name":"EightBitSpinner","decl":{"start":{"line":10,"column":16},"end":{"line":10,"column":32}},"loc":{"start":{"line":14,"column":23},"end":{"line":370,"column":null}}},"1":{"name":"(anonymous_2)","decl":{"start":{"line":15,"column":12},"end":{"line":15,"column":null}},"loc":{"start":{"line":15,"column":12},"end":{"line":358,"column":5}}}},"branchMap":{"0":{"loc":{"start":{"line":12,"column":2},"end":{"line":12,"column":16}},"type":"default-arg","locations":[{"start":{"line":12,"column":10},"end":{"line":12,"column":16}}]},"1":{"loc":{"start":{"line":13,"column":2},"end":{"line":13,"column":11}},"type":"default-arg","locations":[{"start":{"line":13,"column":9},"end":{"line":13,"column":11}}]},"2":{"loc":{"start":{"line":17,"column":4},"end":{"line":357,"column":null}},"type":"if","locations":[{"start":{"line":17,"column":4},"end":{"line":357,"column":null}}]}},"s":{"0":0,"1":0,"2":0,"3":0,"4":0,"5":0,"6":0,"7":0,"8":0,"9":0},"f":{"0":0,"1":0},"b":{"0":[0],"1":[0],"2":[0]}}
,"/Users/henry/Desktop/Projects/Web/genspecs/src/components/ui/button.tsx": {"path":"/Users/henry/Desktop/Projects/Web/genspecs/src/components/ui/button.tsx","statementMap":{"0":{"start":{"line":56,"column":9},"end":{"line":56,"column":15}},"1":{"start":{"line":56,"column":17},"end":{"line":56,"column":31}},"2":{"start":{"line":1,"column":23},"end":{"line":1,"column":null}},"3":{"start":{"line":2,"column":21},"end":{"line":2,"column":null}},"4":{"start":{"line":3,"column":39},"end":{"line":3,"column":null}},"5":{"start":{"line":5,"column":19},"end":{"line":5,"column":null}},"6":{"start":{"line":7,"column":23},"end":{"line":33,"column":null}},"7":{"start":{"line":42,"column":15},"end":{"line":52,"column":null}},"8":{"start":{"line":44,"column":17},"end":{"line":44,"column":null}},"9":{"start":{"line":54,"column":0},"end":{"line":54,"column":null}}},"fnMap":{"0":{"name":"(anonymous_6)","decl":{"start":{"line":43,"column":2},"end":{"line":43,"column":3}},"loc":{"start":{"line":43,"column":60},"end":{"line":52,"column":null}}}},"branchMap":{"0":{"loc":{"start":{"line":43,"column":31},"end":{"line":43,"column":46}},"type":"default-arg","locations":[{"start":{"line":43,"column":41},"end":{"line":43,"column":46}}]},"1":{"loc":{"start":{"line":44,"column":17},"end":{"line":44,"column":null}},"type":"cond-expr","locations":[{"start":{"line":44,"column":27},"end":{"line":44,"column":31}},{"start":{"line":44,"column":34},"end":{"line":44,"column":null}}]}},"s":{"0":0,"1":0,"2":0,"3":0,"4":0,"5":0,"6":0,"7":0,"8":0,"9":0},"f":{"0":0},"b":{"0":[0],"1":[0,0]}}
,"/Users/henry/Desktop/Projects/Web/genspecs/src/components/ui/dialog.tsx": {"path":"/Users/henry/Desktop/Projects/Web/genspecs/src/components/ui/dialog.tsx","statementMap":{"0":{"start":{"line":112,"column":2},"end":{"line":112,"column":8}},"1":{"start":{"line":115,"column":2},"end":{"line":115,"column":13}},"2":{"start":{"line":117,"column":2},"end":{"line":117,"column":15}},"3":{"start":{"line":121,"column":2},"end":{"line":121,"column":19}},"4":{"start":{"line":119,"column":2},"end":{"line":119,"column":14}},"5":{"start":{"line":118,"column":2},"end":{"line":118,"column":14}},"6":{"start":{"line":114,"column":2},"end":{"line":114,"column":15}},"7":{"start":{"line":113,"column":2},"end":{"line":113,"column":14}},"8":{"start":{"line":120,"column":2},"end":{"line":120,"column":13}},"9":{"start":{"line":116,"column":2},"end":{"line":116,"column":15}},"10":{"start":{"line":3,"column":23},"end":{"line":3,"column":null}},"11":{"start":{"line":4,"column":33},"end":{"line":4,"column":null}},"12":{"start":{"line":5,"column":18},"end":{"line":5,"column":null}},"13":{"start":{"line":7,"column":19},"end":{"line":7,"column":null}},"14":{"start":{"line":9,"column":15},"end":{"line":9,"column":35}},"15":{"start":{"line":11,"column":22},"end":{"line":11,"column":45}},"16":{"start":{"line":13,"column":21},"end":{"line":13,"column":43}},"17":{"start":{"line":15,"column":20},"end":{"line":15,"column":41}},"18":{"start":{"line":30,"column":0},"end":{"line":30,"column":null}},"19":{"start":{"line":54,"column":0},"end":{"line":54,"column":null}},"20":{"start":{"line":68,"column":0},"end":{"line":68,"column":null}},"21":{"start":{"line":82,"column":0},"end":{"line":82,"column":null}},"22":{"start":{"line":97,"column":0},"end":{"line":97,"column":null}},"23":{"start":{"line":109,"column":0},"end":{"line":109,"column":null}}},"fnMap":{},"branchMap":{},"s":{"0":0,"1":0,"2":0,"3":0,"4":0,"5":0,"6":0,"7":0,"8":0,"9":0,"10":0,"11":0,"12":0,"13":0,"14":0,"15":0,"16":0,"17":0,"18":0,"19":0,"20":0,"21":0,"22":0,"23":0},"f":{},"b":{}}
,"/Users/henry/Desktop/Projects/Web/genspecs/src/components/ui/form.tsx": {"path":"/Users/henry/Desktop/Projects/Web/genspecs/src/components/ui/form.tsx","statementMap":{"0":{"start":{"line":171,"column":2},"end":{"line":171,"column":6}},"1":{"start":{"line":174,"column":2},"end":{"line":174,"column":13}},"2":{"start":{"line":175,"column":2},"end":{"line":175,"column":17}},"3":{"start":{"line":177,"column":2},"end":{"line":177,"column":11}},"4":{"start":{"line":172,"column":2},"end":{"line":172,"column":10}},"5":{"start":{"line":173,"column":2},"end":{"line":173,"column":11}},"6":{"start":{"line":176,"column":2},"end":{"line":176,"column":13}},"7":{"start":{"line":170,"column":2},"end":{"line":170,"column":14}},"8":{"start":{"line":3,"column":23},"end":{"line":3,"column":null}},"9":{"start":{"line":5,"column":21},"end":{"line":5,"column":null}},"10":{"start":{"line":13,"column":7},"end":{"line":13,"column":null}},"11":{"start":{"line":15,"column":19},"end":{"line":15,"column":null}},"12":{"start":{"line":16,"column":22},"end":{"line":16,"column":null}},"13":{"start":{"line":18,"column":13},"end":{"line":18,"column":25}},"14":{"start":{"line":27,"column":25},"end":{"line":28,"column":null}},"15":{"start":{"line":31,"column":18},"end":{"line":42,"column":null}},"16":{"start":{"line":44,"column":21},"end":{"line":65,"column":null}},"17":{"start":{"line":45,"column":23},"end":{"line":45,"column":null}},"18":{"start":{"line":46,"column":22},"end":{"line":46,"column":null}},"19":{"start":{"line":47,"column":39},"end":{"line":47,"column":null}},"20":{"start":{"line":49,"column":21},"end":{"line":49,"column":null}},"21":{"start":{"line":51,"column":2},"end":{"line":53,"column":null}},"22":{"start":{"line":52,"column":4},"end":{"line":52,"column":null}},"23":{"start":{"line":55,"column":17},"end":{"line":55,"column":null}},"24":{"start":{"line":57,"column":2},"end":{"line":64,"column":null}},"25":{"start":{"line":71,"column":24},"end":{"line":72,"column":null}},"26":{"start":{"line":75,"column":17},"end":{"line":86,"column":null}},"27":{"start":{"line":79,"column":13},"end":{"line":79,"column":null}},"28":{"start":{"line":87,"column":0},"end":{"line":87,"column":null}},"29":{"start":{"line":89,"column":18},"end":{"line":103,"column":null}},"30":{"start":{"line":93,"column":32},"end":{"line":93,"column":null}},"31":{"start":{"line":104,"column":0},"end":{"line":104,"column":null}},"32":{"start":{"line":106,"column":20},"end":{"line":125,"column":null}},"33":{"start":{"line":110,"column":66},"end":{"line":110,"column":null}},"34":{"start":{"line":126,"column":0},"end":{"line":126,"column":null}},"35":{"start":{"line":128,"column":24},"end":{"line":142,"column":null}},"36":{"start":{"line":132,"column":32},"end":{"line":132,"column":null}},"37":{"start":{"line":143,"column":0},"end":{"line":143,"column":null}},"38":{"start":{"line":145,"column":20},"end":{"line":166,"column":null}},"39":{"start":{"line":149,"column":35},"end":{"line":149,"column":null}},"40":{"start":{"line":150,"column":15},"end":{"line":150,"column":null}},"41":{"start":{"line":152,"column":2},"end":{"line":154,"column":null}},"42":{"start":{"line":153,"column":4},"end":{"line":153,"column":null}},"43":{"start":{"line":167,"column":0},"end":{"line":167,"column":null}}},"fnMap":{"0":{"name":"(anonymous_12)","decl":{"start":{"line":31,"column":18},"end":{"line":31,"column":null}},"loc":{"start":{"line":36,"column":39},"end":{"line":42,"column":null}}},"1":{"name":"(anonymous_13)","decl":{"start":{"line":44,"column":21},"end":{"line":44,"column":null}},"loc":{"start":{"line":44,"column":21},"end":{"line":65,"column":null}}},"2":{"name":"(anonymous_14)","decl":{"start":{"line":78,"column":2},"end":{"line":78,"column":3}},"loc":{"start":{"line":78,"column":28},"end":{"line":86,"column":null}}},"3":{"name":"(anonymous_15)","decl":{"start":{"line":92,"column":2},"end":{"line":92,"column":3}},"loc":{"start":{"line":92,"column":28},"end":{"line":103,"column":null}}},"4":{"name":"(anonymous_16)","decl":{"start":{"line":109,"column":2},"end":{"line":109,"column":3}},"loc":{"start":{"line":109,"column":17},"end":{"line":125,"column":null}}},"5":{"name":"(anonymous_17)","decl":{"start":{"line":131,"column":2},"end":{"line":131,"column":3}},"loc":{"start":{"line":131,"column":28},"end":{"line":142,"column":null}}},"6":{"name":"(anonymous_18)","decl":{"start":{"line":148,"column":2},"end":{"line":148,"column":3}},"loc":{"start":{"line":148,"column":38},"end":{"line":166,"column":null}}}},"branchMap":{"0":{"loc":{"start":{"line":51,"column":2},"end":{"line":53,"column":null}},"type":"if","locations":[{"start":{"line":51,"column":2},"end":{"line":53,"column":null}}]},"1":{"loc":{"start":{"line":98,"column":20},"end":{"line":98,"column":49}},"type":"binary-expr","locations":[{"start":{"line":98,"column":20},"end":{"line":98,"column":29}},{"start":{"line":98,"column":29},"end":{"line":98,"column":49}}]},"2":{"loc":{"start":{"line":117,"column":8},"end":{"line":119,"column":51}},"type":"cond-expr","locations":[{"start":{"line":118,"column":12},"end":{"line":118,"column":34}},{"start":{"line":119,"column":12},"end":{"line":119,"column":51}}]},"3":{"loc":{"start":{"line":150,"column":15},"end":{"line":150,"column":null}},"type":"cond-expr","locations":[{"start":{"line":150,"column":23},"end":{"line":150,"column":48}},{"start":{"line":150,"column":48},"end":{"line":150,"column":null}}]},"4":{"loc":{"start":{"line":152,"column":2},"end":{"line":154,"column":null}},"type":"if","locations":[{"start":{"line":152,"column":2},"end":{"line":154,"column":null}}]}},"s":{"0":0,"1":0,"2":0,"3":0,"4":0,"5":0,"6":0,"7":0,"8":0,"9":0,"10":0,"11":0,"12":0,"13":0,"14":0,"15":0,"16":0,"17":0,"18":0,"19":0,"20":0,"21":0,"22":0,"23":0,"24":0,"25":0,"26":0,"27":0,"28":0,"29":0,"30":0,"31":0,"32":0,"33":0,"34":0,"35":0,"36":0,"37":0,"38":0,"39":0,"40":0,"41":0,"42":0,"43":0},"f":{"0":0,"1":0,"2":0,"3":0,"4":0,"5":0,"6":0},"b":{"0":[0],"1":[0,0],"2":[0,0],"3":[0,0],"4":[0]}}
,"/Users/henry/Desktop/Projects/Web/genspecs/src/components/ui/input.tsx": {"path":"/Users/henry/Desktop/Projects/Web/genspecs/src/components/ui/input.tsx","statementMap":{"0":{"start":{"line":22,"column":9},"end":{"line":22,"column":null}},"1":{"start":{"line":1,"column":23},"end":{"line":1,"column":null}},"2":{"start":{"line":3,"column":19},"end":{"line":3,"column":null}},"3":{"start":{"line":5,"column":14},"end":{"line":18,"column":null}},"4":{"start":{"line":20,"column":0},"end":{"line":20,"column":null}}},"fnMap":{"0":{"name":"(anonymous_4)","decl":{"start":{"line":6,"column":2},"end":{"line":6,"column":3}},"loc":{"start":{"line":6,"column":34},"end":{"line":18,"column":null}}}},"branchMap":{},"s":{"0":0,"1":0,"2":0,"3":0,"4":0},"f":{"0":0},"b":{}}
,"/Users/henry/Desktop/Projects/Web/genspecs/src/components/ui/label.tsx": {"path":"/Users/henry/Desktop/Projects/Web/genspecs/src/components/ui/label.tsx","statementMap":{"0":{"start":{"line":26,"column":9},"end":{"line":26,"column":null}},"1":{"start":{"line":3,"column":23},"end":{"line":3,"column":null}},"2":{"start":{"line":4,"column":32},"end":{"line":4,"column":null}},"3":{"start":{"line":5,"column":39},"end":{"line":5,"column":null}},"4":{"start":{"line":7,"column":19},"end":{"line":7,"column":null}},"5":{"start":{"line":9,"column":22},"end":{"line":10,"column":null}},"6":{"start":{"line":24,"column":0},"end":{"line":24,"column":null}}},"fnMap":{},"branchMap":{},"s":{"0":0,"1":0,"2":0,"3":0,"4":0,"5":0,"6":0},"f":{},"b":{}}
,"/Users/henry/Desktop/Projects/Web/genspecs/src/components/ui/resizable.tsx": {"path":"/Users/henry/Desktop/Projects/Web/genspecs/src/components/ui/resizable.tsx","statementMap":{"0":{"start":{"line":45,"column":46},"end":{"line":45,"column":61}},"1":{"start":{"line":45,"column":30},"end":{"line":45,"column":44}},"2":{"start":{"line":45,"column":9},"end":{"line":45,"column":28}},"3":{"start":{"line":3,"column":29},"end":{"line":3,"column":null}},"4":{"start":{"line":4,"column":36},"end":{"line":4,"column":null}},"5":{"start":{"line":6,"column":19},"end":{"line":6,"column":null}},"6":{"start":{"line":21,"column":23},"end":{"line":21,"column":47}}},"fnMap":{},"branchMap":{"0":{"loc":{"start":{"line":37,"column":5},"end":{"line":37,"column":null}},"type":"binary-expr","locations":[{"start":{"line":37,"column":5},"end":{"line":37,"column":null}}]}},"s":{"0":0,"1":0,"2":0,"3":0,"4":0,"5":0,"6":0},"f":{},"b":{"0":[0]}}
,"/Users/henry/Desktop/Projects/Web/genspecs/src/components/ui/separator.tsx": {"path":"/Users/henry/Desktop/Projects/Web/genspecs/src/components/ui/separator.tsx","statementMap":{"0":{"start":{"line":31,"column":9},"end":{"line":31,"column":null}},"1":{"start":{"line":3,"column":23},"end":{"line":3,"column":null}},"2":{"start":{"line":4,"column":36},"end":{"line":4,"column":null}},"3":{"start":{"line":6,"column":19},"end":{"line":6,"column":null}},"4":{"start":{"line":29,"column":0},"end":{"line":29,"column":null}}},"fnMap":{},"branchMap":{"0":{"loc":{"start":{"line":13,"column":17},"end":{"line":13,"column":43}},"type":"default-arg","locations":[{"start":{"line":13,"column":31},"end":{"line":13,"column":43}}]},"1":{"loc":{"start":{"line":13,"column":45},"end":{"line":13,"column":62}},"type":"default-arg","locations":[{"start":{"line":13,"column":58},"end":{"line":13,"column":62}}]},"2":{"loc":{"start":{"line":22,"column":8},"end":{"line":22,"column":null}},"type":"cond-expr","locations":[{"start":{"line":22,"column":39},"end":{"line":22,"column":58}},{"start":{"line":22,"column":58},"end":{"line":22,"column":null}}]}},"s":{"0":0,"1":0,"2":0,"3":0,"4":0},"f":{},"b":{"0":[0],"1":[0],"2":[0,0]}}
,"/Users/henry/Desktop/Projects/Web/genspecs/src/components/ui/textarea.tsx": {"path":"/Users/henry/Desktop/Projects/Web/genspecs/src/components/ui/textarea.tsx","statementMap":{"0":{"start":{"line":22,"column":9},"end":{"line":22,"column":null}},"1":{"start":{"line":1,"column":23},"end":{"line":1,"column":null}},"2":{"start":{"line":3,"column":19},"end":{"line":3,"column":null}},"3":{"start":{"line":5,"column":17},"end":{"line":19,"column":null}},"4":{"start":{"line":20,"column":0},"end":{"line":20,"column":null}}},"fnMap":{"0":{"name":"(anonymous_4)","decl":{"start":{"line":8,"column":2},"end":{"line":8,"column":3}},"loc":{"start":{"line":8,"column":28},"end":{"line":19,"column":null}}}},"branchMap":{},"s":{"0":0,"1":0,"2":0,"3":0,"4":0},"f":{"0":0},"b":{}}
,"/Users/henry/Desktop/Projects/Web/genspecs/src/components/ui/toast.tsx": {"path":"/Users/henry/Desktop/Projects/Web/genspecs/src/components/ui/toast.tsx","statementMap":{"0":{"start":{"line":124,"column":2},"end":{"line":124,"column":7}},"1":{"start":{"line":128,"column":2},"end":{"line":128,"column":13}},"2":{"start":{"line":127,"column":2},"end":{"line":127,"column":12}},"3":{"start":{"line":126,"column":2},"end":{"line":126,"column":18}},"4":{"start":{"line":122,"column":2},"end":{"line":122,"column":15}},"5":{"start":{"line":125,"column":2},"end":{"line":125,"column":12}},"6":{"start":{"line":123,"column":2},"end":{"line":123,"column":15}},"7":{"start":{"line":3,"column":23},"end":{"line":3,"column":null}},"8":{"start":{"line":4,"column":33},"end":{"line":4,"column":null}},"9":{"start":{"line":5,"column":39},"end":{"line":5,"column":null}},"10":{"start":{"line":6,"column":18},"end":{"line":6,"column":null}},"11":{"start":{"line":8,"column":19},"end":{"line":8,"column":null}},"12":{"start":{"line":10,"column":22},"end":{"line":10,"column":46}},"13":{"start":{"line":25,"column":0},"end":{"line":25,"column":null}},"14":{"start":{"line":27,"column":22},"end":{"line":40,"column":null}},"15":{"start":{"line":43,"column":14},"end":{"line":55,"column":null}},"16":{"start":{"line":56,"column":0},"end":{"line":56,"column":null}},"17":{"start":{"line":71,"column":0},"end":{"line":71,"column":null}},"18":{"start":{"line":89,"column":0},"end":{"line":89,"column":null}},"19":{"start":{"line":101,"column":0},"end":{"line":101,"column":null}},"20":{"start":{"line":113,"column":0},"end":{"line":113,"column":null}}},"fnMap":{"0":{"name":"(anonymous_12)","decl":{"start":{"line":47,"column":2},"end":{"line":47,"column":3}},"loc":{"start":{"line":47,"column":37},"end":{"line":55,"column":null}}}},"branchMap":{},"s":{"0":0,"1":0,"2":0,"3":0,"4":0,"5":0,"6":0,"7":0,"8":0,"9":0,"10":0,"11":0,"12":0,"13":0,"14":0,"15":0,"16":0,"17":0,"18":0,"19":0,"20":0},"f":{"0":0},"b":{}}
,"/Users/henry/Desktop/Projects/Web/genspecs/src/components/ui/toaster.tsx": {"path":"/Users/henry/Desktop/Projects/Web/genspecs/src/components/ui/toaster.tsx","statementMap":{"0":{"start":{"line":13,"column":16},"end":{"line":13,"column":null}},"1":{"start":{"line":3,"column":25},"end":{"line":3,"column":null}},"2":{"start":{"line":11,"column":7},"end":{"line":11,"column":null}},"3":{"start":{"line":14,"column":21},"end":{"line":14,"column":null}},"4":{"start":{"line":19,"column":8},"end":{"line":20,"column":27}}},"fnMap":{"0":{"name":"Toaster","decl":{"start":{"line":13,"column":16},"end":{"line":13,"column":null}},"loc":{"start":{"line":13,"column":16},"end":{"line":35,"column":null}}},"1":{"name":"(anonymous_2)","decl":{"start":{"line":18,"column":18},"end":{"line":18,"column":28}},"loc":{"start":{"line":18,"column":72},"end":{"line":31,"column":null}}}},"branchMap":{"0":{"loc":{"start":{"line":22,"column":15},"end":{"line":22,"column":24}},"type":"binary-expr","locations":[{"start":{"line":22,"column":15},"end":{"line":22,"column":24}}]},"1":{"loc":{"start":{"line":23,"column":15},"end":{"line":23,"column":null}},"type":"binary-expr","locations":[{"start":{"line":23,"column":15},"end":{"line":23,"column":null}}]}},"s":{"0":0,"1":0,"2":0,"3":0,"4":0},"f":{"0":0,"1":0},"b":{"0":[0],"1":[0]}}
,"/Users/henry/Desktop/Projects/Web/genspecs/src/context/ApiKeyContext.tsx": {"path":"/Users/henry/Desktop/Projects/Web/genspecs/src/context/ApiKeyContext.tsx","statementMap":{"0":{"start":{"line":38,"column":16},"end":{"line":38,"column":30}},"1":{"start":{"line":189,"column":16},"end":{"line":189,"column":25}},"2":{"start":{"line":18,"column":70},"end":{"line":18,"column":null}},"3":{"start":{"line":19,"column":33},"end":{"line":19,"column":null}},"4":{"start":{"line":34,"column":22},"end":{"line":34,"column":null}},"5":{"start":{"line":36,"column":20},"end":{"line":36,"column":null}},"6":{"start":{"line":39,"column":35},"end":{"line":39,"column":null}},"7":{"start":{"line":40,"column":32},"end":{"line":40,"column":null}},"8":{"start":{"line":42,"column":2},"end":{"line":58,"column":null}},"9":{"start":{"line":44,"column":23},"end":{"line":56,"column":null}},"10":{"start":{"line":45,"column":27},"end":{"line":45,"column":null}},"11":{"start":{"line":46,"column":6},"end":{"line":55,"column":null}},"12":{"start":{"line":47,"column":8},"end":{"line":54,"column":null}},"13":{"start":{"line":48,"column":31},"end":{"line":48,"column":null}},"14":{"start":{"line":49,"column":10},"end":{"line":49,"column":null}},"15":{"start":{"line":50,"column":10},"end":{"line":50,"column":null}},"16":{"start":{"line":52,"column":10},"end":{"line":52,"column":null}},"17":{"start":{"line":53,"column":10},"end":{"line":53,"column":null}},"18":{"start":{"line":57,"column":4},"end":{"line":57,"column":null}},"19":{"start":{"line":60,"column":25},"end":{"line":144,"column":null}},"20":{"start":{"line":63,"column":23},"end":{"line":63,"column":null}},"21":{"start":{"line":64,"column":4},"end":{"line":64,"column":null}},"22":{"start":{"line":66,"column":4},"end":{"line":70,"column":null}},"23":{"start":{"line":67,"column":6},"end":{"line":67,"column":null}},"24":{"start":{"line":68,"column":6},"end":{"line":68,"column":null}},"25":{"start":{"line":69,"column":6},"end":{"line":69,"column":null}},"26":{"start":{"line":72,"column":4},"end":{"line":143,"column":null}},"27":{"start":{"line":73,"column":6},"end":{"line":73,"column":null}},"28":{"start":{"line":74,"column":23},"end":{"line":80,"column":null}},"29":{"start":{"line":82,"column":6},"end":{"line":82,"column":null}},"30":{"start":{"line":85,"column":6},"end":{"line":127,"column":null}},"31":{"start":{"line":86,"column":8},"end":{"line":86,"column":null}},"32":{"start":{"line":89,"column":8},"end":{"line":125,"column":null}},"33":{"start":{"line":91,"column":12},"end":{"line":94,"column":null}},"34":{"start":{"line":95,"column":12},"end":{"line":95,"column":null}},"35":{"start":{"line":96,"column":12},"end":{"line":96,"column":null}},"36":{"start":{"line":98,"column":12},"end":{"line":102,"column":null}},"37":{"start":{"line":103,"column":12},"end":{"line":103,"column":null}},"38":{"start":{"line":104,"column":12},"end":{"line":104,"column":null}},"39":{"start":{"line":106,"column":12},"end":{"line":109,"column":null}},"40":{"start":{"line":110,"column":12},"end":{"line":110,"column":null}},"41":{"start":{"line":111,"column":12},"end":{"line":111,"column":null}},"42":{"start":{"line":113,"column":12},"end":{"line":116,"column":null}},"43":{"start":{"line":117,"column":12},"end":{"line":117,"column":null}},"44":{"start":{"line":118,"column":12},"end":{"line":118,"column":null}},"45":{"start":{"line":120,"column":12},"end":{"line":123,"column":null}},"46":{"start":{"line":124,"column":12},"end":{"line":124,"column":null}},"47":{"start":{"line":126,"column":8},"end":{"line":126,"column":null}},"48":{"start":{"line":130,"column":19},"end":{"line":130,"column":null}},"49":{"start":{"line":131,"column":6},"end":{"line":131,"column":null}},"50":{"start":{"line":133,"column":6},"end":{"line":133,"column":null}},"51":{"start":{"line":134,"column":6},"end":{"line":134,"column":null}},"52":{"start":{"line":136,"column":6},"end":{"line":136,"column":null}},"53":{"start":{"line":137,"column":6},"end":{"line":137,"column":null}},"54":{"start":{"line":138,"column":6},"end":{"line":142,"column":null}},"55":{"start":{"line":146,"column":20},"end":{"line":171,"column":null}},"56":{"start":{"line":147,"column":4},"end":{"line":170,"column":null}},"57":{"start":{"line":148,"column":6},"end":{"line":148,"column":null}},"58":{"start":{"line":150,"column":31},"end":{"line":150,"column":null}},"59":{"start":{"line":152,"column":6},"end":{"line":155,"column":null}},"60":{"start":{"line":153,"column":8},"end":{"line":153,"column":null}},"61":{"start":{"line":154,"column":8},"end":{"line":154,"column":null}},"62":{"start":{"line":158,"column":27},"end":{"line":158,"column":null}},"63":{"start":{"line":159,"column":6},"end":{"line":159,"column":null}},"64":{"start":{"line":160,"column":6},"end":{"line":160,"column":null}},"65":{"start":{"line":161,"column":6},"end":{"line":161,"column":null}},"66":{"start":{"line":163,"column":6},"end":{"line":163,"column":null}},"67":{"start":{"line":165,"column":6},"end":{"line":165,"column":null}},"68":{"start":{"line":166,"column":6},"end":{"line":169,"column":null}},"69":{"start":{"line":173,"column":22},"end":{"line":178,"column":null}},"70":{"start":{"line":174,"column":4},"end":{"line":174,"column":null}},"71":{"start":{"line":175,"column":4},"end":{"line":175,"column":null}},"72":{"start":{"line":176,"column":4},"end":{"line":176,"column":null}},"73":{"start":{"line":177,"column":4},"end":{"line":177,"column":null}},"74":{"start":{"line":190,"column":18},"end":{"line":190,"column":null}},"75":{"start":{"line":191,"column":2},"end":{"line":193,"column":null}},"76":{"start":{"line":192,"column":4},"end":{"line":192,"column":null}},"77":{"start":{"line":194,"column":2},"end":{"line":194,"column":null}}},"fnMap":{"0":{"name":"ApiKeyProvider","decl":{"start":{"line":38,"column":16},"end":{"line":38,"column":30}},"loc":{"start":{"line":38,"column":74},"end":{"line":187,"column":null}}},"1":{"name":"(anonymous_7)","decl":{"start":{"line":42,"column":12},"end":{"line":42,"column":null}},"loc":{"start":{"line":42,"column":12},"end":{"line":58,"column":5}}},"2":{"name":"(anonymous_8)","decl":{"start":{"line":44,"column":23},"end":{"line":44,"column":null}},"loc":{"start":{"line":44,"column":23},"end":{"line":56,"column":null}}},"3":{"name":"(anonymous_9)","decl":{"start":{"line":60,"column":25},"end":{"line":60,"column":null}},"loc":{"start":{"line":61,"column":4},"end":{"line":144,"column":null}}},"4":{"name":"(anonymous_10)","decl":{"start":{"line":146,"column":20},"end":{"line":146,"column":27}},"loc":{"start":{"line":146,"column":27},"end":{"line":171,"column":null}}},"5":{"name":"(anonymous_11)","decl":{"start":{"line":173,"column":22},"end":{"line":173,"column":null}},"loc":{"start":{"line":173,"column":22},"end":{"line":178,"column":null}}},"6":{"name":"useApiKey","decl":{"start":{"line":189,"column":16},"end":{"line":189,"column":25}},"loc":{"start":{"line":189,"column":16},"end":{"line":195,"column":null}}}},"branchMap":{"0":{"loc":{"start":{"line":46,"column":6},"end":{"line":55,"column":null}},"type":"if","locations":[{"start":{"line":46,"column":6},"end":{"line":55,"column":null}}]},"1":{"loc":{"start":{"line":63,"column":23},"end":{"line":63,"column":null}},"type":"binary-expr","locations":[{"start":{"line":63,"column":23},"end":{"line":63,"column":40}},{"start":{"line":63,"column":40},"end":{"line":63,"column":null}}]},"2":{"loc":{"start":{"line":66,"column":4},"end":{"line":70,"column":null}},"type":"if","locations":[{"start":{"line":66,"column":4},"end":{"line":70,"column":null}}]},"3":{"loc":{"start":{"line":85,"column":6},"end":{"line":127,"column":null}},"type":"if","locations":[{"start":{"line":85,"column":6},"end":{"line":127,"column":null}}]},"4":{"loc":{"start":{"line":89,"column":8},"end":{"line":125,"column":null}},"type":"switch","locations":[{"start":{"line":90,"column":10},"end":{"line":96,"column":null}},{"start":{"line":97,"column":10},"end":{"line":104,"column":null}},{"start":{"line":105,"column":10},"end":{"line":111,"column":null}},{"start":{"line":112,"column":10},"end":{"line":118,"column":null}},{"start":{"line":119,"column":10},"end":{"line":124,"column":null}}]},"5":{"loc":{"start":{"line":152,"column":6},"end":{"line":155,"column":null}},"type":"if","locations":[{"start":{"line":152,"column":6},"end":{"line":155,"column":null}}]},"6":{"loc":{"start":{"line":191,"column":2},"end":{"line":193,"column":null}},"type":"if","locations":[{"start":{"line":191,"column":2},"end":{"line":193,"column":null}}]}},"s":{"0":0,"1":0,"2":0,"3":0,"4":0,"5":0,"6":0,"7":0,"8":0,"9":0,"10":0,"11":0,"12":0,"13":0,"14":0,"15":0,"16":0,"17":0,"18":0,"19":0,"20":0,"21":0,"22":0,"23":0,"24":0,"25":0,"26":0,"27":0,"28":0,"29":0,"30":0,"31":0,"32":0,"33":0,"34":0,"35":0,"36":0,"37":0,"38":0,"39":0,"40":0,"41":0,"42":0,"43":0,"44":0,"45":0,"46":0,"47":0,"48":0,"49":0,"50":0,"51":0,"52":0,"53":0,"54":0,"55":0,"56":0,"57":0,"58":0,"59":0,"60":0,"61":0,"62":0,"63":0,"64":0,"65":0,"66":0,"67":0,"68":0,"69":0,"70":0,"71":0,"72":0,"73":0,"74":0,"75":0,"76":0,"77":0},"f":{"0":0,"1":0,"2":0,"3":0,"4":0,"5":0,"6":0},"b":{"0":[0],"1":[0,0],"2":[0],"3":[0],"4":[0,0,0,0,0],"5":[0],"6":[0]}}
,"/Users/henry/Desktop/Projects/Web/genspecs/src/context/GenerationContext.tsx": {"path":"/Users/henry/Desktop/Projects/Web/genspecs/src/context/GenerationContext.tsx","statementMap":{"0":{"start":{"line":88,"column":16},"end":{"line":88,"column":34}},"1":{"start":{"line":192,"column":16},"end":{"line":192,"column":29}},"2":{"start":{"line":19,"column":70},"end":{"line":19,"column":null}},"3":{"start":{"line":42,"column":20},"end":{"line":42,"column":null}},"4":{"start":{"line":44,"column":38},"end":{"line":82,"column":null}},"5":{"start":{"line":84,"column":26},"end":{"line":85,"column":null}},"6":{"start":{"line":93,"column":28},"end":{"line":93,"column":null}},"7":{"start":{"line":95,"column":2},"end":{"line":106,"column":null}},"8":{"start":{"line":97,"column":23},"end":{"line":97,"column":null}},"9":{"start":{"line":98,"column":4},"end":{"line":105,"column":null}},"10":{"start":{"line":99,"column":6},"end":{"line":104,"column":null}},"11":{"start":{"line":100,"column":23},"end":{"line":100,"column":null}},"12":{"start":{"line":101,"column":8},"end":{"line":101,"column":null}},"13":{"start":{"line":103,"column":8},"end":{"line":103,"column":null}},"14":{"start":{"line":109,"column":2},"end":{"line":111,"column":null}},"15":{"start":{"line":110,"column":4},"end":{"line":110,"column":null}},"16":{"start":{"line":113,"column":25},"end":{"line":122,"column":null}},"17":{"start":{"line":114,"column":4},"end":{"line":121,"column":null}},"18":{"start":{"line":114,"column":24},"end":{"line":121,"column":null}},"19":{"start":{"line":117,"column":39},"end":{"line":120,"column":null}},"20":{"start":{"line":124,"column":23},"end":{"line":132,"column":null}},"21":{"start":{"line":125,"column":4},"end":{"line":131,"column":null}},"22":{"start":{"line":125,"column":24},"end":{"line":131,"column":null}},"23":{"start":{"line":127,"column":39},"end":{"line":130,"column":null}},"24":{"start":{"line":134,"column":25},"end":{"line":149,"column":null}},"25":{"start":{"line":138,"column":4},"end":{"line":148,"column":null}},"26":{"start":{"line":138,"column":24},"end":{"line":148,"column":null}},"27":{"start":{"line":151,"column":25},"end":{"line":157,"column":null}},"28":{"start":{"line":152,"column":4},"end":{"line":152,"column":null}},"29":{"start":{"line":153,"column":24},"end":{"line":153,"column":null}},"30":{"start":{"line":153,"column":51},"end":{"line":153,"column":null}},"31":{"start":{"line":154,"column":4},"end":{"line":156,"column":null}},"32":{"start":{"line":155,"column":6},"end":{"line":155,"column":null}},"33":{"start":{"line":159,"column":29},"end":{"line":161,"column":null}},"34":{"start":{"line":160,"column":4},"end":{"line":160,"column":null}},"35":{"start":{"line":163,"column":31},"end":{"line":173,"column":null}},"36":{"start":{"line":166,"column":4},"end":{"line":172,"column":null}},"37":{"start":{"line":166,"column":24},"end":{"line":172,"column":null}},"38":{"start":{"line":193,"column":18},"end":{"line":193,"column":null}},"39":{"start":{"line":194,"column":2},"end":{"line":196,"column":null}},"40":{"start":{"line":195,"column":4},"end":{"line":195,"column":null}},"41":{"start":{"line":197,"column":2},"end":{"line":197,"column":null}}},"fnMap":{"0":{"name":"GenerationProvider","decl":{"start":{"line":88,"column":16},"end":{"line":88,"column":34}},"loc":{"start":{"line":92,"column":1},"end":{"line":190,"column":null}}},"1":{"name":"(anonymous_7)","decl":{"start":{"line":95,"column":12},"end":{"line":95,"column":null}},"loc":{"start":{"line":95,"column":12},"end":{"line":106,"column":5}}},"2":{"name":"(anonymous_8)","decl":{"start":{"line":109,"column":12},"end":{"line":109,"column":null}},"loc":{"start":{"line":109,"column":12},"end":{"line":111,"column":5}}},"3":{"name":"(anonymous_9)","decl":{"start":{"line":113,"column":25},"end":{"line":113,"column":26}},"loc":{"start":{"line":113,"column":26},"end":{"line":122,"column":null}}},"4":{"name":"(anonymous_10)","decl":{"start":{"line":114,"column":13},"end":{"line":114,"column":14}},"loc":{"start":{"line":114,"column":24},"end":{"line":121,"column":null}}},"5":{"name":"(anonymous_11)","decl":{"start":{"line":117,"column":28},"end":{"line":117,"column":29}},"loc":{"start":{"line":117,"column":39},"end":{"line":120,"column":null}}},"6":{"name":"(anonymous_12)","decl":{"start":{"line":124,"column":23},"end":{"line":124,"column":24}},"loc":{"start":{"line":124,"column":24},"end":{"line":132,"column":null}}},"7":{"name":"(anonymous_13)","decl":{"start":{"line":125,"column":13},"end":{"line":125,"column":14}},"loc":{"start":{"line":125,"column":24},"end":{"line":131,"column":null}}},"8":{"name":"(anonymous_14)","decl":{"start":{"line":127,"column":28},"end":{"line":127,"column":29}},"loc":{"start":{"line":127,"column":39},"end":{"line":130,"column":null}}},"9":{"name":"(anonymous_15)","decl":{"start":{"line":134,"column":25},"end":{"line":134,"column":null}},"loc":{"start":{"line":136,"column":4},"end":{"line":149,"column":null}}},"10":{"name":"(anonymous_16)","decl":{"start":{"line":138,"column":13},"end":{"line":138,"column":14}},"loc":{"start":{"line":138,"column":24},"end":{"line":148,"column":null}}},"11":{"name":"(anonymous_17)","decl":{"start":{"line":151,"column":25},"end":{"line":151,"column":26}},"loc":{"start":{"line":151,"column":26},"end":{"line":157,"column":null}}},"12":{"name":"(anonymous_18)","decl":{"start":{"line":153,"column":41},"end":{"line":153,"column":42}},"loc":{"start":{"line":153,"column":51},"end":{"line":153,"column":null}}},"13":{"name":"(anonymous_19)","decl":{"start":{"line":159,"column":29},"end":{"line":159,"column":30}},"loc":{"start":{"line":159,"column":30},"end":{"line":161,"column":null}}},"14":{"name":"(anonymous_20)","decl":{"start":{"line":163,"column":31},"end":{"line":163,"column":null}},"loc":{"start":{"line":164,"column":4},"end":{"line":173,"column":null}}},"15":{"name":"(anonymous_21)","decl":{"start":{"line":166,"column":13},"end":{"line":166,"column":14}},"loc":{"start":{"line":166,"column":24},"end":{"line":172,"column":null}}},"16":{"name":"useGeneration","decl":{"start":{"line":192,"column":16},"end":{"line":192,"column":29}},"loc":{"start":{"line":192,"column":16},"end":{"line":198,"column":null}}}},"branchMap":{"0":{"loc":{"start":{"line":98,"column":4},"end":{"line":105,"column":null}},"type":"if","locations":[{"start":{"line":98,"column":4},"end":{"line":105,"column":null}}]},"1":{"loc":{"start":{"line":129,"column":21},"end":{"line":129,"column":65}},"type":"cond-expr","locations":[{"start":{"line":129,"column":42},"end":{"line":129,"column":49}},{"start":{"line":129,"column":49},"end":{"line":129,"column":65}}]},"2":{"loc":{"start":{"line":154,"column":4},"end":{"line":156,"column":null}},"type":"if","locations":[{"start":{"line":154,"column":4},"end":{"line":156,"column":null}}]},"3":{"loc":{"start":{"line":194,"column":2},"end":{"line":196,"column":null}},"type":"if","locations":[{"start":{"line":194,"column":2},"end":{"line":196,"column":null}}]}},"s":{"0":0,"1":0,"2":0,"3":0,"4":0,"5":0,"6":0,"7":0,"8":0,"9":0,"10":0,"11":0,"12":0,"13":0,"14":0,"15":0,"16":0,"17":0,"18":0,"19":0,"20":0,"21":0,"22":0,"23":0,"24":0,"25":0,"26":0,"27":0,"28":0,"29":0,"30":0,"31":0,"32":0,"33":0,"34":0,"35":0,"36":0,"37":0,"38":0,"39":0,"40":0,"41":0},"f":{"0":0,"1":0,"2":0,"3":0,"4":0,"5":0,"6":0,"7":0,"8":0,"9":0,"10":0,"11":0,"12":0,"13":0,"14":0,"15":0,"16":0},"b":{"0":[0],"1":[0,0],"2":[0],"3":[0]}}
,"/Users/henry/Desktop/Projects/Web/genspecs/src/hooks/use-toast.ts": {"path":"/Users/henry/Desktop/Projects/Web/genspecs/src/hooks/use-toast.ts","statementMap":{"0":{"start":{"line":77,"column":13},"end":{"line":77,"column":20}},"1":{"start":{"line":194,"column":19},"end":{"line":194,"column":24}},"2":{"start":{"line":194,"column":9},"end":{"line":194,"column":17}},"3":{"start":{"line":4,"column":23},"end":{"line":4,"column":null}},"4":{"start":{"line":11,"column":20},"end":{"line":11,"column":null}},"5":{"start":{"line":12,"column":27},"end":{"line":12,"column":null}},"6":{"start":{"line":21,"column":20},"end":{"line":26,"column":null}},"7":{"start":{"line":28,"column":12},"end":{"line":28,"column":null}},"8":{"start":{"line":31,"column":2},"end":{"line":31,"column":null}},"9":{"start":{"line":32,"column":2},"end":{"line":32,"column":null}},"10":{"start":{"line":59,"column":22},"end":{"line":59,"column":null}},"11":{"start":{"line":61,"column":25},"end":{"line":75,"column":null}},"12":{"start":{"line":62,"column":2},"end":{"line":64,"column":null}},"13":{"start":{"line":63,"column":4},"end":{"line":63,"column":null}},"14":{"start":{"line":66,"column":18},"end":{"line":72,"column":null}},"15":{"start":{"line":67,"column":4},"end":{"line":67,"column":null}},"16":{"start":{"line":68,"column":4},"end":{"line":71,"column":null}},"17":{"start":{"line":74,"column":2},"end":{"line":74,"column":null}},"18":{"start":{"line":77,"column":23},"end":{"line":130,"column":null}},"19":{"start":{"line":78,"column":2},"end":{"line":129,"column":null}},"20":{"start":{"line":80,"column":6},"end":{"line":83,"column":null}},"21":{"start":{"line":86,"column":6},"end":{"line":91,"column":null}},"22":{"start":{"line":89,"column":10},"end":{"line":89,"column":null}},"23":{"start":{"line":94,"column":26},"end":{"line":94,"column":null}},"24":{"start":{"line":98,"column":6},"end":{"line":104,"column":null}},"25":{"start":{"line":99,"column":8},"end":{"line":99,"column":null}},"26":{"start":{"line":101,"column":8},"end":{"line":103,"column":null}},"27":{"start":{"line":102,"column":10},"end":{"line":102,"column":null}},"28":{"start":{"line":106,"column":6},"end":{"line":116,"column":null}},"29":{"start":{"line":109,"column":10},"end":{"line":114,"column":null}},"30":{"start":{"line":119,"column":6},"end":{"line":124,"column":null}},"31":{"start":{"line":120,"column":8},"end":{"line":123,"column":null}},"32":{"start":{"line":125,"column":6},"end":{"line":128,"column":null}},"33":{"start":{"line":127,"column":43},"end":{"line":127,"column":66}},"34":{"start":{"line":132,"column":49},"end":{"line":132,"column":51}},"35":{"start":{"line":134,"column":25},"end":{"line":134,"column":null}},"36":{"start":{"line":137,"column":2},"end":{"line":137,"column":null}},"37":{"start":{"line":138,"column":2},"end":{"line":140,"column":null}},"38":{"start":{"line":139,"column":4},"end":{"line":139,"column":null}},"39":{"start":{"line":146,"column":13},"end":{"line":146,"column":null}},"40":{"start":{"line":148,"column":17},"end":{"line":152,"column":null}},"41":{"start":{"line":149,"column":4},"end":{"line":152,"column":null}},"42":{"start":{"line":153,"column":18},"end":{"line":153,"column":null}},"43":{"start":{"line":153,"column":24},"end":{"line":153,"column":null}},"44":{"start":{"line":155,"column":2},"end":{"line":165,"column":null}},"45":{"start":{"line":162,"column":8},"end":{"line":162,"column":null}},"46":{"start":{"line":162,"column":19},"end":{"line":162,"column":null}},"47":{"start":{"line":167,"column":2},"end":{"line":171,"column":null}},"48":{"start":{"line":175,"column":28},"end":{"line":175,"column":null}},"49":{"start":{"line":177,"column":2},"end":{"line":185,"column":null}},"50":{"start":{"line":178,"column":4},"end":{"line":178,"column":null}},"51":{"start":{"line":179,"column":4},"end":{"line":184,"column":null}},"52":{"start":{"line":180,"column":20},"end":{"line":180,"column":null}},"53":{"start":{"line":181,"column":6},"end":{"line":183,"column":null}},"54":{"start":{"line":182,"column":8},"end":{"line":182,"column":null}},"55":{"start":{"line":187,"column":2},"end":{"line":191,"column":null}},"56":{"start":{"line":190,"column":35},"end":{"line":190,"column":null}}},"fnMap":{"0":{"name":"genId","decl":{"start":{"line":30,"column":9},"end":{"line":30,"column":null}},"loc":{"start":{"line":30,"column":9},"end":{"line":33,"column":null}}},"1":{"name":"(anonymous_8)","decl":{"start":{"line":61,"column":25},"end":{"line":61,"column":26}},"loc":{"start":{"line":61,"column":26},"end":{"line":75,"column":null}}},"2":{"name":"(anonymous_9)","decl":{"start":{"line":66,"column":29},"end":{"line":66,"column":null}},"loc":{"start":{"line":66,"column":29},"end":{"line":72,"column":5}}},"3":{"name":"(anonymous_10)","decl":{"start":{"line":77,"column":23},"end":{"line":77,"column":24}},"loc":{"start":{"line":77,"column":38},"end":{"line":130,"column":null}}},"4":{"name":"(anonymous_11)","decl":{"start":{"line":88,"column":33},"end":{"line":88,"column":34}},"loc":{"start":{"line":89,"column":10},"end":{"line":89,"column":null}}},"5":{"name":"(anonymous_12)","decl":{"start":{"line":101,"column":29},"end":{"line":101,"column":30}},"loc":{"start":{"line":101,"column":30},"end":{"line":103,"column":null}}},"6":{"name":"(anonymous_13)","decl":{"start":{"line":108,"column":33},"end":{"line":108,"column":34}},"loc":{"start":{"line":109,"column":10},"end":{"line":114,"column":null}}},"7":{"name":"(anonymous_14)","decl":{"start":{"line":127,"column":36},"end":{"line":127,"column":37}},"loc":{"start":{"line":127,"column":43},"end":{"line":127,"column":66}}},"8":{"name":"dispatch","decl":{"start":{"line":136,"column":9},"end":{"line":136,"column":18}},"loc":{"start":{"line":136,"column":32},"end":{"line":141,"column":null}}},"9":{"name":"(anonymous_16)","decl":{"start":{"line":138,"column":20},"end":{"line":138,"column":21}},"loc":{"start":{"line":138,"column":21},"end":{"line":140,"column":null}}},"10":{"name":"toast","decl":{"start":{"line":145,"column":9},"end":{"line":145,"column":15}},"loc":{"start":{"line":145,"column":34},"end":{"line":172,"column":null}}},"11":{"name":"(anonymous_18)","decl":{"start":{"line":148,"column":17},"end":{"line":148,"column":18}},"loc":{"start":{"line":149,"column":4},"end":{"line":152,"column":null}}},"12":{"name":"(anonymous_19)","decl":{"start":{"line":153,"column":18},"end":{"line":153,"column":24}},"loc":{"start":{"line":153,"column":24},"end":{"line":153,"column":null}}},"13":{"name":"(anonymous_20)","decl":{"start":{"line":161,"column":20},"end":{"line":161,"column":21}},"loc":{"start":{"line":161,"column":21},"end":{"line":163,"column":null}}},"14":{"name":"useToast","decl":{"start":{"line":174,"column":9},"end":{"line":174,"column":null}},"loc":{"start":{"line":174,"column":9},"end":{"line":192,"column":null}}},"15":{"name":"(anonymous_22)","decl":{"start":{"line":177,"column":18},"end":{"line":177,"column":null}},"loc":{"start":{"line":177,"column":18},"end":{"line":185,"column":5}}},"16":{"name":"(anonymous_23)","decl":{"start":{"line":179,"column":11},"end":{"line":179,"column":null}},"loc":{"start":{"line":179,"column":11},"end":{"line":184,"column":null}}},"17":{"name":"(anonymous_24)","decl":{"start":{"line":190,"column":13},"end":{"line":190,"column":14}},"loc":{"start":{"line":190,"column":35},"end":{"line":190,"column":null}}}},"branchMap":{"0":{"loc":{"start":{"line":62,"column":2},"end":{"line":64,"column":null}},"type":"if","locations":[{"start":{"line":62,"column":2},"end":{"line":64,"column":null}}]},"1":{"loc":{"start":{"line":78,"column":2},"end":{"line":129,"column":null}},"type":"switch","locations":[{"start":{"line":79,"column":4},"end":{"line":83,"column":null}},{"start":{"line":85,"column":4},"end":{"line":91,"column":null}},{"start":{"line":93,"column":4},"end":{"line":117,"column":null}},{"start":{"line":118,"column":4},"end":{"line":128,"column":null}}]},"2":{"loc":{"start":{"line":89,"column":10},"end":{"line":89,"column":null}},"type":"cond-expr","locations":[{"start":{"line":89,"column":37},"end":{"line":89,"column":65}},{"start":{"line":89,"column":65},"end":{"line":89,"column":null}}]},"3":{"loc":{"start":{"line":98,"column":6},"end":{"line":104,"column":null}},"type":"if","locations":[{"start":{"line":98,"column":6},"end":{"line":104,"column":null}},{"start":{"line":100,"column":13},"end":{"line":104,"column":null}}]},"4":{"loc":{"start":{"line":109,"column":10},"end":{"line":114,"column":null}},"type":"cond-expr","locations":[{"start":{"line":110,"column":14},"end":{"line":113,"column":null}},{"start":{"line":114,"column":14},"end":{"line":114,"column":null}}]},"5":{"loc":{"start":{"line":109,"column":10},"end":{"line":109,"column":null}},"type":"binary-expr","locations":[{"start":{"line":109,"column":10},"end":{"line":109,"column":30}},{"start":{"line":109,"column":30},"end":{"line":109,"column":null}}]},"6":{"loc":{"start":{"line":119,"column":6},"end":{"line":124,"column":null}},"type":"if","locations":[{"start":{"line":119,"column":6},"end":{"line":124,"column":null}}]},"7":{"loc":{"start":{"line":162,"column":8},"end":{"line":162,"column":null}},"type":"if","locations":[{"start":{"line":162,"column":8},"end":{"line":162,"column":null}}]},"8":{"loc":{"start":{"line":181,"column":6},"end":{"line":183,"column":null}},"type":"if","locations":[{"start":{"line":181,"column":6},"end":{"line":183,"column":null}}]}},"s":{"0":0,"1":0,"2":0,"3":0,"4":0,"5":0,"6":0,"7":0,"8":0,"9":0,"10":0,"11":0,"12":0,"13":0,"14":0,"15":0,"16":0,"17":0,"18":0,"19":0,"20":0,"21":0,"22":0,"23":0,"24":0,"25":0,"26":0,"27":0,"28":0,"29":0,"30":0,"31":0,"32":0,"33":0,"34":0,"35":0,"36":0,"37":0,"38":0,"39":0,"40":0,"41":0,"42":0,"43":0,"44":0,"45":0,"46":0,"47":0,"48":0,"49":0,"50":0,"51":0,"52":0,"53":0,"54":0,"55":0,"56":0},"f":{"0":0,"1":0,"2":0,"3":0,"4":0,"5":0,"6":0,"7":0,"8":0,"9":0,"10":0,"11":0,"12":0,"13":0,"14":0,"15":0,"16":0,"17":0},"b":{"0":[0],"1":[0,0,0,0],"2":[0,0],"3":[0,0],"4":[0,0],"5":[0,0],"6":[0],"7":[0],"8":[0]}}
,"/Users/henry/Desktop/Projects/Web/genspecs/src/lib/encryption.ts": {"path":"/Users/henry/Desktop/Projects/Web/genspecs/src/lib/encryption.ts","statementMap":{"0":{"start":{"line":61,"column":22},"end":{"line":61,"column":29}},"1":{"start":{"line":13,"column":22},"end":{"line":13,"column":29}},"2":{"start":{"line":8,"column":23},"end":{"line":8,"column":null}},"3":{"start":{"line":14,"column":18},"end":{"line":14,"column":null}},"4":{"start":{"line":15,"column":15},"end":{"line":15,"column":null}},"5":{"start":{"line":18,"column":22},"end":{"line":23,"column":null}},"6":{"start":{"line":26,"column":15},"end":{"line":26,"column":null}},"7":{"start":{"line":27,"column":13},"end":{"line":27,"column":null}},"8":{"start":{"line":29,"column":14},"end":{"line":39,"column":null}},"9":{"start":{"line":42,"column":20},"end":{"line":45,"column":null}},"10":{"start":{"line":49,"column":25},"end":{"line":49,"column":null}},"11":{"start":{"line":50,"column":2},"end":{"line":50,"column":null}},"12":{"start":{"line":51,"column":2},"end":{"line":51,"column":null}},"13":{"start":{"line":52,"column":2},"end":{"line":52,"column":null}},"14":{"start":{"line":55,"column":2},"end":{"line":55,"column":null}},"15":{"start":{"line":55,"column":53},"end":{"line":55,"column":80}},"16":{"start":{"line":62,"column":18},"end":{"line":62,"column":null}},"17":{"start":{"line":63,"column":18},"end":{"line":63,"column":null}},"18":{"start":{"line":66,"column":25},"end":{"line":67,"column":null}},"19":{"start":{"line":67,"column":46},"end":{"line":67,"column":null}},"20":{"start":{"line":71,"column":15},"end":{"line":71,"column":null}},"21":{"start":{"line":72,"column":13},"end":{"line":72,"column":null}},"22":{"start":{"line":73,"column":15},"end":{"line":73,"column":null}},"23":{"start":{"line":76,"column":22},"end":{"line":81,"column":null}},"24":{"start":{"line":84,"column":14},"end":{"line":94,"column":null}},"25":{"start":{"line":97,"column":20},"end":{"line":100,"column":null}},"26":{"start":{"line":103,"column":2},"end":{"line":103,"column":null}}},"fnMap":{"0":{"name":"encrypt","decl":{"start":{"line":13,"column":22},"end":{"line":13,"column":29}},"loc":{"start":{"line":13,"column":42},"end":{"line":56,"column":null}}},"1":{"name":"(anonymous_4)","decl":{"start":{"line":55,"column":45},"end":{"line":55,"column":53}},"loc":{"start":{"line":55,"column":53},"end":{"line":55,"column":80}}},"2":{"name":"decrypt","decl":{"start":{"line":61,"column":22},"end":{"line":61,"column":29}},"loc":{"start":{"line":61,"column":51},"end":{"line":104,"column":null}}},"3":{"name":"(anonymous_6)","decl":{"start":{"line":67,"column":38},"end":{"line":67,"column":46}},"loc":{"start":{"line":67,"column":46},"end":{"line":67,"column":null}}}},"branchMap":{},"s":{"0":0,"1":0,"2":0,"3":0,"4":0,"5":0,"6":0,"7":0,"8":0,"9":0,"10":0,"11":0,"12":0,"13":0,"14":0,"15":0,"16":0,"17":0,"18":0,"19":0,"20":0,"21":0,"22":0,"23":0,"24":0,"25":0,"26":0},"f":{"0":0,"1":0,"2":0,"3":0},"b":{}}
,"/Users/henry/Desktop/Projects/Web/genspecs/src/lib/llm.ts": {"path":"/Users/henry/Desktop/Projects/Web/genspecs/src/lib/llm.ts","statementMap":{"0":{"start":{"line":31,"column":16},"end":{"line":31,"column":38}},"1":{"start":{"line":73,"column":23},"end":{"line":73,"column":48}},"2":{"start":{"line":114,"column":22},"end":{"line":114,"column":36}},"3":{"start":{"line":52,"column":16},"end":{"line":52,"column":35}},"4":{"start":{"line":95,"column":16},"end":{"line":95,"column":37}},"5":{"start":{"line":63,"column":16},"end":{"line":63,"column":37}},"6":{"start":{"line":9,"column":19},"end":{"line":9,"column":null}},"7":{"start":{"line":10,"column":20},"end":{"line":10,"column":null}},"8":{"start":{"line":32,"column":2},"end":{"line":41,"column":null}},"9":{"start":{"line":45,"column":38},"end":{"line":45,"column":null}},"10":{"start":{"line":53,"column":2},"end":{"line":55,"column":null}},"11":{"start":{"line":54,"column":4},"end":{"line":54,"column":null}},"12":{"start":{"line":56,"column":2},"end":{"line":56,"column":null}},"13":{"start":{"line":64,"column":2},"end":{"line":64,"column":null}},"14":{"start":{"line":77,"column":17},"end":{"line":80,"column":null}},"15":{"start":{"line":82,"column":2},"end":{"line":87,"column":null}},"16":{"start":{"line":83,"column":20},"end":{"line":83,"column":null}},"17":{"start":{"line":84,"column":4},"end":{"line":86,"column":null}},"18":{"start":{"line":85,"column":6},"end":{"line":85,"column":null}},"19":{"start":{"line":96,"column":2},"end":{"line":111,"column":null}},"20":{"start":{"line":98,"column":6},"end":{"line":98,"column":null}},"21":{"start":{"line":100,"column":6},"end":{"line":100,"column":null}},"22":{"start":{"line":102,"column":6},"end":{"line":102,"column":null}},"23":{"start":{"line":104,"column":6},"end":{"line":104,"column":null}},"24":{"start":{"line":106,"column":6},"end":{"line":106,"column":null}},"25":{"start":{"line":108,"column":24},"end":{"line":108,"column":55}},"26":{"start":{"line":109,"column":22},"end":{"line":109,"column":null}},"27":{"start":{"line":110,"column":6},"end":{"line":110,"column":null}},"28":{"start":{"line":116,"column":2},"end":{"line":118,"column":null}},"29":{"start":{"line":117,"column":4},"end":{"line":117,"column":null}},"30":{"start":{"line":120,"column":2},"end":{"line":168,"column":null}},"31":{"start":{"line":122,"column":21},"end":{"line":140,"column":null}},"32":{"start":{"line":142,"column":4},"end":{"line":144,"column":null}},"33":{"start":{"line":143,"column":6},"end":{"line":143,"column":null}},"34":{"start":{"line":147,"column":4},"end":{"line":164,"column":null}},"35":{"start":{"line":153,"column":45},"end":{"line":153,"column":57}},"36":{"start":{"line":166,"column":4},"end":{"line":166,"column":null}},"37":{"start":{"line":167,"column":4},"end":{"line":167,"column":null}}},"fnMap":{"0":{"name":"createOpenRouterClient","decl":{"start":{"line":31,"column":16},"end":{"line":31,"column":38}},"loc":{"start":{"line":31,"column":63},"end":{"line":42,"column":null}}},"1":{"name":"getOpenRouterClient","decl":{"start":{"line":52,"column":16},"end":{"line":52,"column":35}},"loc":{"start":{"line":52,"column":60},"end":{"line":57,"column":null}}},"2":{"name":"resetOpenRouterClient","decl":{"start":{"line":63,"column":16},"end":{"line":63,"column":37}},"loc":{"start":{"line":63,"column":16},"end":{"line":65,"column":null}}},"3":{"name":"createStreamingCompletion","decl":{"start":{"line":73,"column":23},"end":{"line":73,"column":48}},"loc":{"start":{"line":75,"column":48},"end":{"line":88,"column":null}}},"4":{"name":"handleOpenRouterError","decl":{"start":{"line":95,"column":16},"end":{"line":95,"column":37}},"loc":{"start":{"line":95,"column":60},"end":{"line":112,"column":null}}},"5":{"name":"generateReadme","decl":{"start":{"line":114,"column":22},"end":{"line":114,"column":36}},"loc":{"start":{"line":114,"column":60},"end":{"line":169,"column":null}}},"6":{"name":"(anonymous_14)","decl":{"start":{"line":153,"column":26},"end":{"line":153,"column":27}},"loc":{"start":{"line":153,"column":45},"end":{"line":153,"column":57}}}},"branchMap":{"0":{"loc":{"start":{"line":36,"column":22},"end":{"line":36,"column":null}},"type":"binary-expr","locations":[{"start":{"line":36,"column":22},"end":{"line":36,"column":36}},{"start":{"line":36,"column":40},"end":{"line":36,"column":63}},{"start":{"line":36,"column":67},"end":{"line":36,"column":null}}]},"1":{"loc":{"start":{"line":37,"column":17},"end":{"line":37,"column":null}},"type":"binary-expr","locations":[{"start":{"line":37,"column":17},"end":{"line":37,"column":32}},{"start":{"line":37,"column":36},"end":{"line":37,"column":60}},{"start":{"line":37,"column":64},"end":{"line":37,"column":null}}]},"2":{"loc":{"start":{"line":39,"column":16},"end":{"line":39,"column":null}},"type":"binary-expr","locations":[{"start":{"line":39,"column":16},"end":{"line":39,"column":33}},{"start":{"line":39,"column":37},"end":{"line":39,"column":null}}]},"3":{"loc":{"start":{"line":53,"column":2},"end":{"line":55,"column":null}},"type":"if","locations":[{"start":{"line":53,"column":2},"end":{"line":55,"column":null}}]},"4":{"loc":{"start":{"line":84,"column":4},"end":{"line":86,"column":null}},"type":"if","locations":[{"start":{"line":84,"column":4},"end":{"line":86,"column":null}}]},"5":{"loc":{"start":{"line":96,"column":2},"end":{"line":111,"column":null}},"type":"switch","locations":[{"start":{"line":97,"column":4},"end":{"line":98,"column":null}},{"start":{"line":99,"column":4},"end":{"line":100,"column":null}},{"start":{"line":101,"column":4},"end":{"line":102,"column":null}},{"start":{"line":103,"column":4},"end":{"line":104,"column":null}},{"start":{"line":105,"column":4},"end":{"line":106,"column":null}},{"start":{"line":107,"column":4},"end":{"line":110,"column":null}}]},"6":{"loc":{"start":{"line":109,"column":22},"end":{"line":109,"column":null}},"type":"binary-expr","locations":[{"start":{"line":109,"column":22},"end":{"line":109,"column":35}},{"start":{"line":109,"column":39},"end":{"line":109,"column":null}}]},"7":{"loc":{"start":{"line":110,"column":13},"end":{"line":110,"column":93}},"type":"cond-expr","locations":[{"start":{"line":110,"column":25},"end":{"line":110,"column":71}},{"start":{"line":110,"column":74},"end":{"line":110,"column":93}}]},"8":{"loc":{"start":{"line":116,"column":2},"end":{"line":118,"column":null}},"type":"if","locations":[{"start":{"line":116,"column":2},"end":{"line":118,"column":null}}]},"9":{"loc":{"start":{"line":116,"column":6},"end":{"line":116,"column":64}},"type":"binary-expr","locations":[{"start":{"line":116,"column":6},"end":{"line":116,"column":26}},{"start":{"line":116,"column":30},"end":{"line":116,"column":64}}]},"10":{"loc":{"start":{"line":142,"column":4},"end":{"line":144,"column":null}},"type":"if","locations":[{"start":{"line":142,"column":4},"end":{"line":144,"column":null}}]}},"s":{"0":0,"1":0,"2":4,"3":0,"4":0,"5":0,"6":1,"7":1,"8":0,"9":1,"10":0,"11":0,"12":0,"13":0,"14":0,"15":0,"16":0,"17":0,"18":0,"19":0,"20":0,"21":0,"22":0,"23":0,"24":0,"25":0,"26":0,"27":0,"28":4,"29":1,"30":3,"31":3,"32":3,"33":1,"34":2,"35":4,"36":1,"37":1},"f":{"0":0,"1":0,"2":0,"3":0,"4":0,"5":4,"6":4},"b":{"0":[0,0,0],"1":[0,0,0],"2":[0,0],"3":[0],"4":[0],"5":[0,0,0,0,0,0],"6":[0,0],"7":[0,0],"8":[1],"9":[4,3],"10":[1]}}
,"/Users/henry/Desktop/Projects/Web/genspecs/src/lib/utils.ts": {"path":"/Users/henry/Desktop/Projects/Web/genspecs/src/lib/utils.ts","statementMap":{"0":{"start":{"line":13,"column":16},"end":{"line":13,"column":19}},"1":{"start":{"line":10,"column":38},"end":{"line":10,"column":null}},"2":{"start":{"line":11,"column":24},"end":{"line":11,"column":null}},"3":{"start":{"line":14,"column":2},"end":{"line":14,"column":null}}},"fnMap":{"0":{"name":"cn","decl":{"start":{"line":13,"column":16},"end":{"line":13,"column":19}},"loc":{"start":{"line":13,"column":42},"end":{"line":15,"column":null}}}},"branchMap":{},"s":{"0":0,"1":0,"2":0,"3":0},"f":{"0":0},"b":{}}
}
